LINK : warning LNK4098: la biblioteca predeterminada'MSVCRT' entra en conflicto con otras bibliotecas; use la biblioteca /NODEFAULTLIB:biblioteca
Model.obj : error LNK2019: símbolo externo "public: __thiscall Mesh::Mesh(void)" (??0Mesh@@QAE@XZ) sin resolver al que se hace referencia en la función "private: void __thiscall Model::LoadMesh(struct aiMesh *,struct aiScene const *)" (?LoadMesh@Model@@AAEXPAUaiMesh@@PBUaiScene@@@Z)
practica10_alumno.obj : error LNK2001: símbolo externo "public: __thiscall Mesh::Mesh(void)" (??0Mesh@@QAE@XZ) sin resolver
Skybox.obj : error LNK2001: símbolo externo "public: __thiscall Mesh::Mesh(void)" (??0Mesh@@QAE@XZ) sin resolver
Model.obj : error LNK2019: símbolo externo "public: void __thiscall Mesh::CreateMesh(float *,unsigned int *,unsigned int,unsigned int)" (?CreateMesh@Mesh@@QAEXPAMPAIII@Z) sin resolver al que se hace referencia en la función "private: void __thiscall Model::LoadMesh(struct aiMesh *,struct aiScene const *)" (?LoadMesh@Model@@AAEXPAUaiMesh@@PBUaiScene@@@Z)
practica10_alumno.obj : error LNK2001: símbolo externo "public: void __thiscall Mesh::CreateMesh(float *,unsigned int *,unsigned int,unsigned int)" (?CreateMesh@Mesh@@QAEXPAMPAIII@Z) sin resolver
Skybox.obj : error LNK2001: símbolo externo "public: void __thiscall Mesh::CreateMesh(float *,unsigned int *,unsigned int,unsigned int)" (?CreateMesh@Mesh@@QAEXPAMPAIII@Z) sin resolver
Model.obj : error LNK2019: símbolo externo "public: void __thiscall Mesh::RenderMesh(void)" (?RenderMesh@Mesh@@QAEXXZ) sin resolver al que se hace referencia en la función "public: void __thiscall Model::RenderModel(void)" (?RenderModel@Model@@QAEXXZ)
practica10_alumno.obj : error LNK2001: símbolo externo "public: void __thiscall Mesh::RenderMesh(void)" (?RenderMesh@Mesh@@QAEXXZ) sin resolver
Skybox.obj : error LNK2001: símbolo externo "public: void __thiscall Mesh::RenderMesh(void)" (?RenderMesh@Mesh@@QAEXXZ) sin resolver
Model.obj : error LNK2019: símbolo externo "public: __thiscall Mesh::~Mesh(void)" (??1Mesh@@QAE@XZ) sin resolver al que se hace referencia en la función "public: void * __thiscall Mesh::`scalar deleting destructor'(unsigned int)" (??_GMesh@@QAEPAXI@Z)
practica10_alumno.obj : error LNK2019: símbolo externo "public: __thiscall Shader::Shader(void)" (??0Shader@@QAE@XZ) sin resolver al que se hace referencia en la función "void __cdecl CreateShaders(void)" (?CreateShaders@@YAXXZ)
Skybox.obj : error LNK2001: símbolo externo "public: __thiscall Shader::Shader(void)" (??0Shader@@QAE@XZ) sin resolver
practica10_alumno.obj : error LNK2019: símbolo externo "public: void __thiscall Shader::CreateFromFiles(char const *,char const *)" (?CreateFromFiles@Shader@@QAEXPBD0@Z) sin resolver al que se hace referencia en la función "void __cdecl CreateShaders(void)" (?CreateShaders@@YAXXZ)
Skybox.obj : error LNK2001: símbolo externo "public: void __thiscall Shader::CreateFromFiles(char const *,char const *)" (?CreateFromFiles@Shader@@QAEXPBD0@Z) sin resolver
practica10_alumno.obj : error LNK2019: símbolo externo "public: unsigned int __thiscall Shader::GetProjectionLocation(void)" (?GetProjectionLocation@Shader@@QAEIXZ) sin resolver al que se hace referencia en la función _main
Skybox.obj : error LNK2001: símbolo externo "public: unsigned int __thiscall Shader::GetProjectionLocation(void)" (?GetProjectionLocation@Shader@@QAEIXZ) sin resolver
practica10_alumno.obj : error LNK2019: símbolo externo "public: unsigned int __thiscall Shader::GetModelLocation(void)" (?GetModelLocation@Shader@@QAEIXZ) sin resolver al que se hace referencia en la función _main
practica10_alumno.obj : error LNK2019: símbolo externo "public: unsigned int __thiscall Shader::GetViewLocation(void)" (?GetViewLocation@Shader@@QAEIXZ) sin resolver al que se hace referencia en la función _main
Skybox.obj : error LNK2001: símbolo externo "public: unsigned int __thiscall Shader::GetViewLocation(void)" (?GetViewLocation@Shader@@QAEIXZ) sin resolver
practica10_alumno.obj : error LNK2019: símbolo externo "public: unsigned int __thiscall Shader::GetSpecularIntensityLocation(void)" (?GetSpecularIntensityLocation@Shader@@QAEIXZ) sin resolver al que se hace referencia en la función _main
practica10_alumno.obj : error LNK2019: símbolo externo "public: unsigned int __thiscall Shader::GetShininessLocation(void)" (?GetShininessLocation@Shader@@QAEIXZ) sin resolver al que se hace referencia en la función _main
practica10_alumno.obj : error LNK2019: símbolo externo "public: unsigned int __thiscall Shader::GetEyePositionLocation(void)" (?GetEyePositionLocation@Shader@@QAEIXZ) sin resolver al que se hace referencia en la función _main
practica10_alumno.obj : error LNK2019: símbolo externo "public: void __thiscall Shader::SetDirectionalLight(class DirectionalLight *)" (?SetDirectionalLight@Shader@@QAEXPAVDirectionalLight@@@Z) sin resolver al que se hace referencia en la función _main
practica10_alumno.obj : error LNK2019: símbolo externo "public: void __thiscall Shader::SetPointLights(class PointLight *,unsigned int)" (?SetPointLights@Shader@@QAEXPAVPointLight@@I@Z) sin resolver al que se hace referencia en la función _main
practica10_alumno.obj : error LNK2019: símbolo externo "public: void __thiscall Shader::SetSpotLights(class SpotLight *,unsigned int)" (?SetSpotLights@Shader@@QAEXPAVSpotLight@@I@Z) sin resolver al que se hace referencia en la función _main
practica10_alumno.obj : error LNK2019: símbolo externo "public: void __thiscall Shader::UseShader(void)" (?UseShader@Shader@@QAEXXZ) sin resolver al que se hace referencia en la función _main
Skybox.obj : error LNK2001: símbolo externo "public: void __thiscall Shader::UseShader(void)" (?UseShader@Shader@@QAEXXZ) sin resolver
practica10_alumno.obj : error LNK2019: símbolo externo "public: __thiscall Shader::~Shader(void)" (??1Shader@@QAE@XZ) sin resolver al que se hace referencia en la función "public: void * __thiscall Shader::`scalar deleting destructor'(unsigned int)" (??_GShader@@QAEPAXI@Z)
C:\Users\Pamela\source\repos\AGUA\agua\Debug\Project1.exe : fatal error LNK1120: 17 externos sin resolver
